;  LST file generated by mikroListExporter - v.2.0 
; Date/Time: 5/1/2026 4:58:59 PM
;----------------------------------------------

;Address Opcode 	ASM
0x0000	0x2A8C      	GOTO       652
_I2C1_Is_Idle:
;__Lib_I2C_c34.c,26 :: 		
;__Lib_I2C_c34.c,27 :: 		
0x0003	0x1683      	BSF        STATUS, 5
0x0004	0x1303      	BCF        STATUS, 6
0x0005	0x1914      	BTFSC      SSPSTAT, 2
0x0006	0x2811      	GOTO       L_I2C1_Is_Idle0
;__Lib_I2C_c34.c,28 :: 		
0x0007	0x301F      	MOVLW      31
0x0008	0x0511      	ANDWF      SSPCON2, 0
0x0009	0x00F1      	MOVWF      R1
0x000A	0x0871      	MOVF       R1, 0
0x000B	0x3A00      	XORLW      0
0x000C	0x1D03      	BTFSS      STATUS, 2
0x000D	0x2811      	GOTO       L_I2C1_Is_Idle1
;__Lib_I2C_c34.c,29 :: 		
0x000E	0x3001      	MOVLW      1
0x000F	0x00F0      	MOVWF      R0
0x0010	0x2812      	GOTO       L_end_I2C1_Is_Idle
L_I2C1_Is_Idle1:
L_I2C1_Is_Idle0:
;__Lib_I2C_c34.c,30 :: 		
0x0011	0x01F0      	CLRF       R0
;__Lib_I2C_c34.c,31 :: 		
L_end_I2C1_Is_Idle:
0x0012	0x0008      	RETURN
; end of _I2C1_Is_Idle
_____DoIFC:
;__Lib_System.c,15 :: 		
;__Lib_System.c,18 :: 		
0x0013	0x1283      	BCF        STATUS, 5
0x0014	0x1303      	BCF        STATUS, 6
0x0015	0x086A      	MOVF       ___DoICPAddr+1, 0
0x0016	0x008A      	MOVWF      PCLATH
;__Lib_System.c,19 :: 		
0x0017	0x0869      	MOVF       ___DoICPAddr, 0
0x0018	0x0082      	MOVWF      PCL
;__Lib_System.c,21 :: 		
L_end_____DoIFC:
0x0019	0x0008      	RETURN
; end of _____DoIFC
_I2C1_Wr:
;__Lib_I2C_c34.c,137 :: 		
;__Lib_I2C_c34.c,140 :: 		
0x001A	0x1283      	BCF        STATUS, 5
0x001B	0x1303      	BCF        STATUS, 6
0x001C	0x118C      	BCF        PIR1, 3
;__Lib_I2C_c34.c,141 :: 		
0x001D	0x0820      	MOVF       FARG_I2C1_Wr_data_, 0
0x001E	0x0093      	MOVWF      SSPBUF
;__Lib_I2C_c34.c,143 :: 		
0x001F	0x0847      	MOVF       __Lib_I2C_c34__I2C1_TIMEOUT, 0
0x0020	0x1683      	BSF        STATUS, 5
0x0021	0x00A9      	MOVWF      I2C1_Wr_timeout_L0
0x0022	0x1283      	BCF        STATUS, 5
0x0023	0x0848      	MOVF       __Lib_I2C_c34__I2C1_TIMEOUT+1, 0
0x0024	0x1683      	BSF        STATUS, 5
0x0025	0x00AA      	MOVWF      I2C1_Wr_timeout_L0+1
0x0026	0x1283      	BCF        STATUS, 5
0x0027	0x0849      	MOVF       __Lib_I2C_c34__I2C1_TIMEOUT+2, 0
0x0028	0x1683      	BSF        STATUS, 5
0x0029	0x00AB      	MOVWF      I2C1_Wr_timeout_L0+2
0x002A	0x1283      	BCF        STATUS, 5
0x002B	0x084A      	MOVF       __Lib_I2C_c34__I2C1_TIMEOUT+3, 0
0x002C	0x1683      	BSF        STATUS, 5
0x002D	0x00AC      	MOVWF      I2C1_Wr_timeout_L0+3
;__Lib_I2C_c34.c,145 :: 		
L_I2C1_Wr26:
0x002E	0x1683      	BSF        STATUS, 5
0x002F	0x1D14      	BTFSS      SSPSTAT, 2
0x0030	0x285B      	GOTO       L_I2C1_Wr27
;__Lib_I2C_c34.c,148 :: 		
0x0031	0x1283      	BCF        STATUS, 5
0x0032	0x0847      	MOVF       __Lib_I2C_c34__I2C1_TIMEOUT, 0
0x0033	0x0448      	IORWF      __Lib_I2C_c34__I2C1_TIMEOUT+1, 0
0x0034	0x0449      	IORWF      __Lib_I2C_c34__I2C1_TIMEOUT+2, 0
0x0035	0x044A      	IORWF      __Lib_I2C_c34__I2C1_TIMEOUT+3, 0
0x0036	0x1903      	BTFSC      STATUS, 2
0x0037	0x285A      	GOTO       L_I2C1_Wr28
;__Lib_I2C_c34.c,150 :: 		
0x0038	0x1683      	BSF        STATUS, 5
0x0039	0x0829      	MOVF       I2C1_Wr_timeout_L0, 0
0x003A	0x042A      	IORWF      I2C1_Wr_timeout_L0+1, 0
0x003B	0x042B      	IORWF      I2C1_Wr_timeout_L0+2, 0
0x003C	0x042C      	IORWF      I2C1_Wr_timeout_L0+3, 0
0x003D	0x1D03      	BTFSS      STATUS, 2
0x003E	0x2851      	GOTO       L_I2C1_Wr29
;__Lib_I2C_c34.c,152 :: 		
0x003F	0x1283      	BCF        STATUS, 5
0x0040	0x0868      	MOVF       _I2C1_Timeout_Ptr+2, 0
0x0041	0x0084      	MOVWF      FSR
0x0042	0x3004      	MOVLW      4
0x0043	0x0080      	MOVWF      INDF
0x0044	0x0A84      	INCF       FSR, 1
0x0045	0x0866      	MOVF       _I2C1_Timeout_Ptr, 0
0x0046	0x00E9      	MOVWF      ___DoICPAddr
0x0047	0x0867      	MOVF       _I2C1_Timeout_Ptr+1, 0
0x0048	0x00EA      	MOVWF      ___DoICPAddr+1
0x0049	0x2013      	CALL       _____DoIFC
0x004A	0x118A      	BCF        PCLATH, 3
0x004B	0x120A      	BCF        PCLATH, 4
;__Lib_I2C_c34.c,153 :: 		
0x004C	0x3001      	MOVLW      1
0x004D	0x1283      	BCF        STATUS, 5
0x004E	0x1303      	BCF        STATUS, 6
0x004F	0x00F0      	MOVWF      R0
0x0050	0x289F      	GOTO       L_end_I2C1_Wr
;__Lib_I2C_c34.c,154 :: 		
L_I2C1_Wr29:
;__Lib_I2C_c34.c,155 :: 		
0x0051	0x3001      	MOVLW      1
0x0052	0x1683      	BSF        STATUS, 5
0x0053	0x02A9      	SUBWF      I2C1_Wr_timeout_L0, 1
0x0054	0x1C03      	BTFSS      STATUS, 0
0x0055	0x02AA      	SUBWF      I2C1_Wr_timeout_L0+1, 1
0x0056	0x1C03      	BTFSS      STATUS, 0
0x0057	0x02AB      	SUBWF      I2C1_Wr_timeout_L0+2, 1
0x0058	0x1C03      	BTFSS      STATUS, 0
0x0059	0x02AC      	SUBWF      I2C1_Wr_timeout_L0+3, 1
;__Lib_I2C_c34.c,156 :: 		
L_I2C1_Wr28:
;__Lib_I2C_c34.c,157 :: 		
0x005A	0x282E      	GOTO       L_I2C1_Wr26
L_I2C1_Wr27:
;__Lib_I2C_c34.c,159 :: 		
0x005B	0x1283      	BCF        STATUS, 5
0x005C	0x0847      	MOVF       __Lib_I2C_c34__I2C1_TIMEOUT, 0
0x005D	0x1683      	BSF        STATUS, 5
0x005E	0x00A9      	MOVWF      I2C1_Wr_timeout_L0
0x005F	0x1283      	BCF        STATUS, 5
0x0060	0x0848      	MOVF       __Lib_I2C_c34__I2C1_TIMEOUT+1, 0
0x0061	0x1683      	BSF        STATUS, 5
0x0062	0x00AA      	MOVWF      I2C1_Wr_timeout_L0+1
0x0063	0x1283      	BCF        STATUS, 5
0x0064	0x0849      	MOVF       __Lib_I2C_c34__I2C1_TIMEOUT+2, 0
0x0065	0x1683      	BSF        STATUS, 5
0x0066	0x00AB      	MOVWF      I2C1_Wr_timeout_L0+2
0x0067	0x1283      	BCF        STATUS, 5
0x0068	0x084A      	MOVF       __Lib_I2C_c34__I2C1_TIMEOUT+3, 0
0x0069	0x1683      	BSF        STATUS, 5
0x006A	0x00AC      	MOVWF      I2C1_Wr_timeout_L0+3
;__Lib_I2C_c34.c,161 :: 		
L_I2C1_Wr30:
0x006B	0x1283      	BCF        STATUS, 5
0x006C	0x198C      	BTFSC      PIR1, 3
0x006D	0x2897      	GOTO       L_I2C1_Wr31
;__Lib_I2C_c34.c,164 :: 		
0x006E	0x0847      	MOVF       __Lib_I2C_c34__I2C1_TIMEOUT, 0
0x006F	0x0448      	IORWF      __Lib_I2C_c34__I2C1_TIMEOUT+1, 0
0x0070	0x0449      	IORWF      __Lib_I2C_c34__I2C1_TIMEOUT+2, 0
0x0071	0x044A      	IORWF      __Lib_I2C_c34__I2C1_TIMEOUT+3, 0
0x0072	0x1903      	BTFSC      STATUS, 2
0x0073	0x2896      	GOTO       L_I2C1_Wr32
;__Lib_I2C_c34.c,166 :: 		
0x0074	0x1683      	BSF        STATUS, 5
0x0075	0x0829      	MOVF       I2C1_Wr_timeout_L0, 0
0x0076	0x042A      	IORWF      I2C1_Wr_timeout_L0+1, 0
0x0077	0x042B      	IORWF      I2C1_Wr_timeout_L0+2, 0
0x0078	0x042C      	IORWF      I2C1_Wr_timeout_L0+3, 0
0x0079	0x1D03      	BTFSS      STATUS, 2
0x007A	0x288D      	GOTO       L_I2C1_Wr33
;__Lib_I2C_c34.c,168 :: 		
0x007B	0x1283      	BCF        STATUS, 5
0x007C	0x0868      	MOVF       _I2C1_Timeout_Ptr+2, 0
0x007D	0x0084      	MOVWF      FSR
0x007E	0x3004      	MOVLW      4
0x007F	0x0080      	MOVWF      INDF
0x0080	0x0A84      	INCF       FSR, 1
0x0081	0x0866      	MOVF       _I2C1_Timeout_Ptr, 0
0x0082	0x00E9      	MOVWF      ___DoICPAddr
0x0083	0x0867      	MOVF       _I2C1_Timeout_Ptr+1, 0
0x0084	0x00EA      	MOVWF      ___DoICPAddr+1
0x0085	0x2013      	CALL       _____DoIFC
0x0086	0x118A      	BCF        PCLATH, 3
0x0087	0x120A      	BCF        PCLATH, 4
;__Lib_I2C_c34.c,169 :: 		
0x0088	0x3001      	MOVLW      1
0x0089	0x1283      	BCF        STATUS, 5
0x008A	0x1303      	BCF        STATUS, 6
0x008B	0x00F0      	MOVWF      R0
0x008C	0x289F      	GOTO       L_end_I2C1_Wr
;__Lib_I2C_c34.c,170 :: 		
L_I2C1_Wr33:
;__Lib_I2C_c34.c,171 :: 		
0x008D	0x3001      	MOVLW      1
0x008E	0x1683      	BSF        STATUS, 5
0x008F	0x02A9      	SUBWF      I2C1_Wr_timeout_L0, 1
0x0090	0x1C03      	BTFSS      STATUS, 0
0x0091	0x02AA      	SUBWF      I2C1_Wr_timeout_L0+1, 1
0x0092	0x1C03      	BTFSS      STATUS, 0
0x0093	0x02AB      	SUBWF      I2C1_Wr_timeout_L0+2, 1
0x0094	0x1C03      	BTFSS      STATUS, 0
0x0095	0x02AC      	SUBWF      I2C1_Wr_timeout_L0+3, 1
;__Lib_I2C_c34.c,172 :: 		
L_I2C1_Wr32:
;__Lib_I2C_c34.c,173 :: 		
0x0096	0x286B      	GOTO       L_I2C1_Wr30
L_I2C1_Wr31:
0x0097	0x1683      	BSF        STATUS, 5
;__Lib_I2C_c34.c,175 :: 		
0x0098	0x1B11      	BTFSC      SSPCON2, 6
0x0099	0x289C      	GOTO       L_I2C1_Wr34
;__Lib_I2C_c34.c,176 :: 		
0x009A	0x01F0      	CLRF       R0
0x009B	0x289F      	GOTO       L_end_I2C1_Wr
;__Lib_I2C_c34.c,177 :: 		
L_I2C1_Wr34:
;__Lib_I2C_c34.c,179 :: 		
0x009C	0x1511      	BSF        SSPCON2, 2
;__Lib_I2C_c34.c,180 :: 		
0x009D	0x3002      	MOVLW      2
0x009E	0x00F0      	MOVWF      R0
;__Lib_I2C_c34.c,182 :: 		
L_end_I2C1_Wr:
0x009F	0x0008      	RETURN
; end of _I2C1_Wr
_I2C1_Stop:
;__Lib_I2C_c34.c,184 :: 		
;__Lib_I2C_c34.c,185 :: 		
0x00A0	0x1683      	BSF        STATUS, 5
0x00A1	0x1303      	BCF        STATUS, 6
0x00A2	0x1511      	BSF        SSPCON2, 2
;__Lib_I2C_c34.c,186 :: 		
L_end_I2C1_Stop:
0x00A3	0x0008      	RETURN
; end of _I2C1_Stop
_I2C1_Start:
;__Lib_I2C_c34.c,33 :: 		
;__Lib_I2C_c34.c,37 :: 		
0x00A4	0x1283      	BCF        STATUS, 5
0x00A5	0x1303      	BCF        STATUS, 6
0x00A6	0x0847      	MOVF       __Lib_I2C_c34__I2C1_TIMEOUT, 0
0x00A7	0x1683      	BSF        STATUS, 5
0x00A8	0x00AB      	MOVWF      I2C1_Start_timeout_L0
0x00A9	0x1283      	BCF        STATUS, 5
0x00AA	0x0848      	MOVF       __Lib_I2C_c34__I2C1_TIMEOUT+1, 0
0x00AB	0x1683      	BSF        STATUS, 5
0x00AC	0x00AC      	MOVWF      I2C1_Start_timeout_L0+1
0x00AD	0x1283      	BCF        STATUS, 5
0x00AE	0x0849      	MOVF       __Lib_I2C_c34__I2C1_TIMEOUT+2, 0
0x00AF	0x1683      	BSF        STATUS, 5
0x00B0	0x00AD      	MOVWF      I2C1_Start_timeout_L0+2
0x00B1	0x1283      	BCF        STATUS, 5
0x00B2	0x084A      	MOVF       __Lib_I2C_c34__I2C1_TIMEOUT+3, 0
0x00B3	0x1683      	BSF        STATUS, 5
0x00B4	0x00AE      	MOVWF      I2C1_Start_timeout_L0+3
;__Lib_I2C_c34.c,39 :: 		
0x00B5	0x01A9      	CLRF       I2C1_Start_j_L0
0x00B6	0x01AA      	CLRF       I2C1_Start_j_L0+1
L_I2C1_Start2:
0x00B7	0x082A      	MOVF       I2C1_Start_j_L0+1, 0
0x00B8	0x3C12      	SUBLW      18
0x00B9	0x1D03      	BTFSS      STATUS, 2
0x00BA	0x28BD      	GOTO       L__I2C1_Start39
0x00BB	0x0829      	MOVF       I2C1_Start_j_L0, 0
0x00BC	0x3C8E      	SUBLW      142
L__I2C1_Start39:
0x00BD	0x1C03      	BTFSS      STATUS, 0
0x00BE	0x28C8      	GOTO       L_I2C1_Start3
;__Lib_I2C_c34.c,40 :: 		
0x00BF	0x2003      	CALL       _I2C1_Is_Idle
0x00C0	0x0870      	MOVF       R0, 0
0x00C1	0x1903      	BTFSC      STATUS, 2
0x00C2	0x28C4      	GOTO       L_I2C1_Start5
;__Lib_I2C_c34.c,41 :: 		
0x00C3	0x28C8      	GOTO       L_I2C1_Start3
L_I2C1_Start5:
;__Lib_I2C_c34.c,39 :: 		
0x00C4	0x0AA9      	INCF       I2C1_Start_j_L0, 1
0x00C5	0x1903      	BTFSC      STATUS, 2
0x00C6	0x0AAA      	INCF       I2C1_Start_j_L0+1, 1
;__Lib_I2C_c34.c,42 :: 		
0x00C7	0x28B7      	GOTO       L_I2C1_Start2
L_I2C1_Start3:
;__Lib_I2C_c34.c,44 :: 		
0x00C8	0x3012      	MOVLW      18
0x00C9	0x022A      	SUBWF      I2C1_Start_j_L0+1, 0
0x00CA	0x1D03      	BTFSS      STATUS, 2
0x00CB	0x28CE      	GOTO       L__I2C1_Start40
0x00CC	0x308F      	MOVLW      143
0x00CD	0x0229      	SUBWF      I2C1_Start_j_L0, 0
L__I2C1_Start40:
0x00CE	0x1C03      	BTFSS      STATUS, 0
0x00CF	0x28D3      	GOTO       L_I2C1_Start6
;__Lib_I2C_c34.c,45 :: 		
0x00D0	0x307B      	MOVLW      123
0x00D1	0x00F0      	MOVWF      R0
0x00D2	0x2902      	GOTO       L_end_I2C1_Start
L_I2C1_Start6:
;__Lib_I2C_c34.c,47 :: 		
0x00D3	0x1411      	BSF        SSPCON2, 0
;__Lib_I2C_c34.c,48 :: 		
L_I2C1_Start8:
0x00D4	0x1683      	BSF        STATUS, 5
0x00D5	0x1C11      	BTFSS      SSPCON2, 0
0x00D6	0x2901      	GOTO       L_I2C1_Start9
;__Lib_I2C_c34.c,50 :: 		
0x00D7	0x1283      	BCF        STATUS, 5
0x00D8	0x0847      	MOVF       __Lib_I2C_c34__I2C1_TIMEOUT, 0
0x00D9	0x0448      	IORWF      __Lib_I2C_c34__I2C1_TIMEOUT+1, 0
0x00DA	0x0449      	IORWF      __Lib_I2C_c34__I2C1_TIMEOUT+2, 0
0x00DB	0x044A      	IORWF      __Lib_I2C_c34__I2C1_TIMEOUT+3, 0
0x00DC	0x1903      	BTFSC      STATUS, 2
0x00DD	0x2900      	GOTO       L_I2C1_Start10
;__Lib_I2C_c34.c,52 :: 		
0x00DE	0x1683      	BSF        STATUS, 5
0x00DF	0x082B      	MOVF       I2C1_Start_timeout_L0, 0
0x00E0	0x042C      	IORWF      I2C1_Start_timeout_L0+1, 0
0x00E1	0x042D      	IORWF      I2C1_Start_timeout_L0+2, 0
0x00E2	0x042E      	IORWF      I2C1_Start_timeout_L0+3, 0
0x00E3	0x1D03      	BTFSS      STATUS, 2
0x00E4	0x28F7      	GOTO       L_I2C1_Start11
;__Lib_I2C_c34.c,54 :: 		
0x00E5	0x1283      	BCF        STATUS, 5
0x00E6	0x0868      	MOVF       _I2C1_Timeout_Ptr+2, 0
0x00E7	0x0084      	MOVWF      FSR
0x00E8	0x3005      	MOVLW      5
0x00E9	0x0080      	MOVWF      INDF
0x00EA	0x0A84      	INCF       FSR, 1
0x00EB	0x0866      	MOVF       _I2C1_Timeout_Ptr, 0
0x00EC	0x00E9      	MOVWF      ___DoICPAddr
0x00ED	0x0867      	MOVF       _I2C1_Timeout_Ptr+1, 0
0x00EE	0x00EA      	MOVWF      ___DoICPAddr+1
0x00EF	0x2013      	CALL       _____DoIFC
0x00F0	0x118A      	BCF        PCLATH, 3
0x00F1	0x120A      	BCF        PCLATH, 4
;__Lib_I2C_c34.c,55 :: 		
0x00F2	0x3001      	MOVLW      1
0x00F3	0x1283      	BCF        STATUS, 5
0x00F4	0x1303      	BCF        STATUS, 6
0x00F5	0x00F0      	MOVWF      R0
0x00F6	0x2902      	GOTO       L_end_I2C1_Start
;__Lib_I2C_c34.c,56 :: 		
L_I2C1_Start11:
;__Lib_I2C_c34.c,57 :: 		
0x00F7	0x3001      	MOVLW      1
0x00F8	0x1683      	BSF        STATUS, 5
0x00F9	0x02AB      	SUBWF      I2C1_Start_timeout_L0, 1
0x00FA	0x1C03      	BTFSS      STATUS, 0
0x00FB	0x02AC      	SUBWF      I2C1_Start_timeout_L0+1, 1
0x00FC	0x1C03      	BTFSS      STATUS, 0
0x00FD	0x02AD      	SUBWF      I2C1_Start_timeout_L0+2, 1
0x00FE	0x1C03      	BTFSS      STATUS, 0
0x00FF	0x02AE      	SUBWF      I2C1_Start_timeout_L0+3, 1
;__Lib_I2C_c34.c,58 :: 		
L_I2C1_Start10:
;__Lib_I2C_c34.c,59 :: 		
0x0100	0x28D4      	GOTO       L_I2C1_Start8
L_I2C1_Start9:
;__Lib_I2C_c34.c,60 :: 		
0x0101	0x01F0      	CLRF       R0
;__Lib_I2C_c34.c,62 :: 		
L_end_I2C1_Start:
0x0102	0x0008      	RETURN
; end of _I2C1_Start
_I2C_LCD_Write:
;I2C_LCD.c,6 :: 		void I2C_LCD_Write(unsigned char d) {
;I2C_LCD.c,7 :: 		I2C1_Start();
0x0103	0x20A4      	CALL       _I2C1_Start
;I2C_LCD.c,8 :: 		I2C1_Wr(LCD_ADDR);
0x0104	0x304E      	MOVLW      78
0x0105	0x1283      	BCF        STATUS, 5
0x0106	0x1303      	BCF        STATUS, 6
0x0107	0x00A0      	MOVWF      FARG_I2C1_Wr_data_
0x0108	0x201A      	CALL       _I2C1_Wr
;I2C_LCD.c,9 :: 		I2C1_Wr(d | lcd_backlight);
0x0109	0x1283      	BCF        STATUS, 5
0x010A	0x1303      	BCF        STATUS, 6
0x010B	0x084B      	MOVF       _lcd_backlight, 0
0x010C	0x1683      	BSF        STATUS, 5
0x010D	0x0428      	IORWF      FARG_I2C_LCD_Write_d, 0
0x010E	0x1283      	BCF        STATUS, 5
0x010F	0x00A0      	MOVWF      FARG_I2C1_Wr_data_
0x0110	0x201A      	CALL       _I2C1_Wr
;I2C_LCD.c,10 :: 		I2C1_Stop();
0x0111	0x20A0      	CALL       _I2C1_Stop
;I2C_LCD.c,11 :: 		}
L_end_I2C_LCD_Write:
0x0112	0x0008      	RETURN
; end of _I2C_LCD_Write
_Lcd_Pulse:
;I2C_LCD.c,14 :: 		void Lcd_Pulse(unsigned char d){
;I2C_LCD.c,15 :: 		I2C_LCD_Write(d | 0x04);   // En = 1
0x0113	0x3004      	MOVLW      4
0x0114	0x1683      	BSF        STATUS, 5
0x0115	0x1303      	BCF        STATUS, 6
0x0116	0x0427      	IORWF      FARG_Lcd_Pulse_d, 0
0x0117	0x00A8      	MOVWF      FARG_I2C_LCD_Write_d
0x0118	0x2103      	CALL       _I2C_LCD_Write
;I2C_LCD.c,16 :: 		Delay_us(1);
0x0119	0x0000      	NOP
0x011A	0x0000      	NOP
0x011B	0x0000      	NOP
0x011C	0x0000      	NOP
0x011D	0x0000      	NOP
;I2C_LCD.c,17 :: 		I2C_LCD_Write(d & (~0x04)); // En = 0
0x011E	0x30FB      	MOVLW      251
0x011F	0x0527      	ANDWF      FARG_Lcd_Pulse_d, 0
0x0120	0x00A8      	MOVWF      FARG_I2C_LCD_Write_d
0x0121	0x2103      	CALL       _I2C_LCD_Write
;I2C_LCD.c,18 :: 		Delay_us(50);
0x0122	0x3053      	MOVLW      83
0x0123	0x00FD      	MOVWF      R13
L_Lcd_Pulse0:
0x0124	0x0BFD      	DECFSZ     R13, 1
0x0125	0x2924      	GOTO       L_Lcd_Pulse0
;I2C_LCD.c,19 :: 		}
L_end_Lcd_Pulse:
0x0126	0x0008      	RETURN
; end of _Lcd_Pulse
_Lcd_Send_Nibble:
;I2C_LCD.c,22 :: 		void Lcd_Send_Nibble(unsigned char nibble, unsigned char rs){
;I2C_LCD.c,23 :: 		unsigned char d = (nibble & 0xF0) | rs;
0x0127	0x30F0      	MOVLW      240
0x0128	0x1683      	BSF        STATUS, 5
0x0129	0x1303      	BCF        STATUS, 6
0x012A	0x0525      	ANDWF      FARG_Lcd_Send_Nibble_nibble, 0
0x012B	0x00A7      	MOVWF      FARG_Lcd_Pulse_d
0x012C	0x0826      	MOVF       FARG_Lcd_Send_Nibble_rs, 0
0x012D	0x04A7      	IORWF      FARG_Lcd_Pulse_d, 1
;I2C_LCD.c,24 :: 		Lcd_Pulse(d);
0x012E	0x2113      	CALL       _Lcd_Pulse
;I2C_LCD.c,25 :: 		}
L_end_Lcd_Send_Nibble:
0x012F	0x0008      	RETURN
; end of _Lcd_Send_Nibble
_Lcd_Cmd:
;I2C_LCD.c,28 :: 		void Lcd_Cmd(unsigned char cmd){
;I2C_LCD.c,29 :: 		Lcd_Send_Nibble(cmd & 0xF0, 0);
0x0130	0x30F0      	MOVLW      240
0x0131	0x1283      	BCF        STATUS, 5
0x0132	0x1303      	BCF        STATUS, 6
0x0133	0x056F      	ANDWF      FARG_Lcd_Cmd_cmd, 0
0x0134	0x1683      	BSF        STATUS, 5
0x0135	0x00A5      	MOVWF      FARG_Lcd_Send_Nibble_nibble
0x0136	0x01A6      	CLRF       FARG_Lcd_Send_Nibble_rs
0x0137	0x2127      	CALL       _Lcd_Send_Nibble
;I2C_LCD.c,30 :: 		Lcd_Send_Nibble((cmd << 4) & 0xF0, 0);
0x0138	0x1283      	BCF        STATUS, 5
0x0139	0x086F      	MOVF       FARG_Lcd_Cmd_cmd, 0
0x013A	0x1683      	BSF        STATUS, 5
0x013B	0x00A5      	MOVWF      FARG_Lcd_Send_Nibble_nibble
0x013C	0x0DA5      	RLF        FARG_Lcd_Send_Nibble_nibble, 1
0x013D	0x1025      	BCF        FARG_Lcd_Send_Nibble_nibble, 0
0x013E	0x0DA5      	RLF        FARG_Lcd_Send_Nibble_nibble, 1
0x013F	0x1025      	BCF        FARG_Lcd_Send_Nibble_nibble, 0
0x0140	0x0DA5      	RLF        FARG_Lcd_Send_Nibble_nibble, 1
0x0141	0x1025      	BCF        FARG_Lcd_Send_Nibble_nibble, 0
0x0142	0x0DA5      	RLF        FARG_Lcd_Send_Nibble_nibble, 1
0x0143	0x1025      	BCF        FARG_Lcd_Send_Nibble_nibble, 0
0x0144	0x30F0      	MOVLW      240
0x0145	0x05A5      	ANDWF      FARG_Lcd_Send_Nibble_nibble, 1
0x0146	0x01A6      	CLRF       FARG_Lcd_Send_Nibble_rs
0x0147	0x2127      	CALL       _Lcd_Send_Nibble
;I2C_LCD.c,31 :: 		Delay_ms(2);
0x0148	0x300D      	MOVLW      13
0x0149	0x00FC      	MOVWF      R12
0x014A	0x30FB      	MOVLW      251
0x014B	0x00FD      	MOVWF      R13
L_Lcd_Cmd1:
0x014C	0x0BFD      	DECFSZ     R13, 1
0x014D	0x294C      	GOTO       L_Lcd_Cmd1
0x014E	0x0BFC      	DECFSZ     R12, 1
0x014F	0x294C      	GOTO       L_Lcd_Cmd1
0x0150	0x0000      	NOP
0x0151	0x0000      	NOP
;I2C_LCD.c,32 :: 		}
L_end_Lcd_Cmd:
0x0152	0x0008      	RETURN
; end of _Lcd_Cmd
_____DoICP:
;__Lib_System.c,6 :: 		
;__Lib_System.c,9 :: 		
0x0153	0x1283      	BCF        STATUS, 5
0x0154	0x1303      	BCF        STATUS, 6
0x0155	0x086A      	MOVF       ___DoICPAddr+1, 0
0x0156	0x008A      	MOVWF      PCLATH
;__Lib_System.c,10 :: 		
0x0157	0x0869      	MOVF       ___DoICPAddr, 0
0x0158	0x0082      	MOVWF      PCL
;__Lib_System.c,12 :: 		
L_end_____DoICP:
0x0159	0x0008      	RETURN
; end of _____DoICP
_Lcd_Chr:
;I2C_LCD.c,35 :: 		void Lcd_Chr(unsigned char row, unsigned char col, char out_char){
;I2C_LCD.c,36 :: 		unsigned char address = (row == 1) ? (0x80 + col - 1) : (0xC0 + col - 1);
0x015A	0x1683      	BSF        STATUS, 5
0x015B	0x1303      	BCF        STATUS, 6
0x015C	0x0820      	MOVF       FARG_Lcd_Chr_row, 0
0x015D	0x3A01      	XORLW      1
0x015E	0x1D03      	BTFSS      STATUS, 2
0x015F	0x296B      	GOTO       L_Lcd_Chr2
0x0160	0x0821      	MOVF       FARG_Lcd_Chr_col, 0
0x0161	0x3E80      	ADDLW      128
0x0162	0x00A3      	MOVWF      ?FLOC___Lcd_ChrT12
0x0163	0x01A4      	CLRF       ?FLOC___Lcd_ChrT12+1
0x0164	0x1803      	BTFSC      STATUS, 0
0x0165	0x0AA4      	INCF       ?FLOC___Lcd_ChrT12+1, 1
0x0166	0x3001      	MOVLW      1
0x0167	0x02A3      	SUBWF      ?FLOC___Lcd_ChrT12, 1
0x0168	0x1C03      	BTFSS      STATUS, 0
0x0169	0x03A4      	DECF       ?FLOC___Lcd_ChrT12+1, 1
0x016A	0x2975      	GOTO       L_Lcd_Chr3
L_Lcd_Chr2:
0x016B	0x0821      	MOVF       FARG_Lcd_Chr_col, 0
0x016C	0x3EC0      	ADDLW      192
0x016D	0x00A3      	MOVWF      ?FLOC___Lcd_ChrT12
0x016E	0x01A4      	CLRF       ?FLOC___Lcd_ChrT12+1
0x016F	0x1803      	BTFSC      STATUS, 0
0x0170	0x0AA4      	INCF       ?FLOC___Lcd_ChrT12+1, 1
0x0171	0x3001      	MOVLW      1
0x0172	0x02A3      	SUBWF      ?FLOC___Lcd_ChrT12, 1
0x0173	0x1C03      	BTFSS      STATUS, 0
0x0174	0x03A4      	DECF       ?FLOC___Lcd_ChrT12+1, 1
L_Lcd_Chr3:
;I2C_LCD.c,37 :: 		Lcd_Cmd(address);
0x0175	0x0823      	MOVF       ?FLOC___Lcd_ChrT12, 0
0x0176	0x1283      	BCF        STATUS, 5
0x0177	0x00EF      	MOVWF      FARG_Lcd_Cmd_cmd
0x0178	0x2130      	CALL       _Lcd_Cmd
;I2C_LCD.c,38 :: 		Lcd_Send_Nibble(out_char & 0xF0, 1);
0x0179	0x30F0      	MOVLW      240
0x017A	0x0522      	ANDWF      FARG_Lcd_Chr_out_char, 0
0x017B	0x00A5      	MOVWF      FARG_Lcd_Send_Nibble_nibble
0x017C	0x3001      	MOVLW      1
0x017D	0x00A6      	MOVWF      FARG_Lcd_Send_Nibble_rs
0x017E	0x2127      	CALL       _Lcd_Send_Nibble
;I2C_LCD.c,39 :: 		Lcd_Send_Nibble((out_char << 4) & 0xF0, 1);
0x017F	0x0822      	MOVF       FARG_Lcd_Chr_out_char, 0
0x0180	0x00A5      	MOVWF      FARG_Lcd_Send_Nibble_nibble
0x0181	0x0DA5      	RLF        FARG_Lcd_Send_Nibble_nibble, 1
0x0182	0x1025      	BCF        FARG_Lcd_Send_Nibble_nibble, 0
0x0183	0x0DA5      	RLF        FARG_Lcd_Send_Nibble_nibble, 1
0x0184	0x1025      	BCF        FARG_Lcd_Send_Nibble_nibble, 0
0x0185	0x0DA5      	RLF        FARG_Lcd_Send_Nibble_nibble, 1
0x0186	0x1025      	BCF        FARG_Lcd_Send_Nibble_nibble, 0
0x0187	0x0DA5      	RLF        FARG_Lcd_Send_Nibble_nibble, 1
0x0188	0x1025      	BCF        FARG_Lcd_Send_Nibble_nibble, 0
0x0189	0x30F0      	MOVLW      240
0x018A	0x05A5      	ANDWF      FARG_Lcd_Send_Nibble_nibble, 1
0x018B	0x3001      	MOVLW      1
0x018C	0x00A6      	MOVWF      FARG_Lcd_Send_Nibble_rs
0x018D	0x2127      	CALL       _Lcd_Send_Nibble
;I2C_LCD.c,40 :: 		}
L_end_Lcd_Chr:
0x018E	0x0008      	RETURN
; end of _Lcd_Chr
_Lcd_Out:
;I2C_LCD.c,43 :: 		void Lcd_Out(unsigned char row, unsigned char col, char *text){
;I2C_LCD.c,44 :: 		while(*text) {
L_Lcd_Out4:
0x018F	0x1283      	BCF        STATUS, 5
0x0190	0x1303      	BCF        STATUS, 6
0x0191	0x086D      	MOVF       FARG_Lcd_Out_text, 0
0x0192	0x0084      	MOVWF      FSR
0x0193	0x0800      	MOVF       INDF, 0
0x0194	0x1903      	BTFSC      STATUS, 2
0x0195	0x29A8      	GOTO       L_Lcd_Out5
;I2C_LCD.c,45 :: 		Lcd_Chr(row, col++, *text++);
0x0196	0x086B      	MOVF       FARG_Lcd_Out_row, 0
0x0197	0x1683      	BSF        STATUS, 5
0x0198	0x00A0      	MOVWF      FARG_Lcd_Chr_row
0x0199	0x1283      	BCF        STATUS, 5
0x019A	0x086C      	MOVF       FARG_Lcd_Out_col, 0
0x019B	0x1683      	BSF        STATUS, 5
0x019C	0x00A1      	MOVWF      FARG_Lcd_Chr_col
0x019D	0x1283      	BCF        STATUS, 5
0x019E	0x086D      	MOVF       FARG_Lcd_Out_text, 0
0x019F	0x0084      	MOVWF      FSR
0x01A0	0x0800      	MOVF       INDF, 0
0x01A1	0x1683      	BSF        STATUS, 5
0x01A2	0x00A2      	MOVWF      FARG_Lcd_Chr_out_char
0x01A3	0x215A      	CALL       _Lcd_Chr
0x01A4	0x1283      	BCF        STATUS, 5
0x01A5	0x0AEC      	INCF       FARG_Lcd_Out_col, 1
0x01A6	0x0AED      	INCF       FARG_Lcd_Out_text, 1
;I2C_LCD.c,46 :: 		}
0x01A7	0x298F      	GOTO       L_Lcd_Out4
L_Lcd_Out5:
;I2C_LCD.c,47 :: 		}
L_end_Lcd_Out:
0x01A8	0x0008      	RETURN
; end of _Lcd_Out
_read_dht11:
;main.c,87 :: 		char read_dht11(){
;main.c,88 :: 		char i, d = 0;
0x01A9	0x1283      	BCF        STATUS, 5
0x01AA	0x1303      	BCF        STATUS, 6
0x01AB	0x01EB      	CLRF       read_dht11_d_L0
;main.c,89 :: 		for(i = 0; i < 8; i++){
0x01AC	0x01F1      	CLRF       R1
L_read_dht1116:
0x01AD	0x3008      	MOVLW      8
0x01AE	0x0271      	SUBWF      R1, 0
0x01AF	0x1803      	BTFSC      STATUS, 0
0x01B0	0x29C7      	GOTO       L_read_dht1117
;main.c,90 :: 		while(!DHT11_Data_Pin); // Wait for the start of the bit pulse
L_read_dht1119:
0x01B1	0x1A88      	BTFSC      RD5_bit, BitPos(RD5_bit+0)
0x01B2	0x29B4      	GOTO       L_read_dht1120
0x01B3	0x29B1      	GOTO       L_read_dht1119
L_read_dht1120:
;main.c,91 :: 		Delay_us(30);           // If still high after 30us, bit is '1'
0x01B4	0x3031      	MOVLW      49
0x01B5	0x00FD      	MOVWF      R13
L_read_dht1121:
0x01B6	0x0BFD      	DECFSZ     R13, 1
0x01B7	0x29B6      	GOTO       L_read_dht1121
0x01B8	0x0000      	NOP
0x01B9	0x0000      	NOP
;main.c,92 :: 		if(DHT11_Data_Pin) {
0x01BA	0x1E88      	BTFSS      RD5_bit, BitPos(RD5_bit+0)
0x01BB	0x29C3      	GOTO       L_read_dht1122
;main.c,93 :: 		d = (d << 1) | 1;
0x01BC	0x0DEB      	RLF        read_dht11_d_L0, 1
0x01BD	0x106B      	BCF        read_dht11_d_L0, 0
0x01BE	0x146B      	BSF        read_dht11_d_L0, 0
;main.c,94 :: 		while(DHT11_Data_Pin); // Wait for bit pulse to end
L_read_dht1123:
0x01BF	0x1E88      	BTFSS      RD5_bit, BitPos(RD5_bit+0)
0x01C0	0x29C2      	GOTO       L_read_dht1124
0x01C1	0x29BF      	GOTO       L_read_dht1123
L_read_dht1124:
;main.c,95 :: 		}
0x01C2	0x29C5      	GOTO       L_read_dht1125
L_read_dht1122:
;main.c,97 :: 		d = (d << 1);
0x01C3	0x0DEB      	RLF        read_dht11_d_L0, 1
0x01C4	0x106B      	BCF        read_dht11_d_L0, 0
;main.c,98 :: 		}
L_read_dht1125:
;main.c,89 :: 		for(i = 0; i < 8; i++){
0x01C5	0x0AF1      	INCF       R1, 1
;main.c,99 :: 		}
0x01C6	0x29AD      	GOTO       L_read_dht1116
L_read_dht1117:
;main.c,100 :: 		return d;
0x01C7	0x086B      	MOVF       read_dht11_d_L0, 0
0x01C8	0x00F0      	MOVWF      R0
;main.c,101 :: 		}
L_end_read_dht11:
0x01C9	0x0008      	RETURN
; end of _read_dht11
_find_response:
;main.c,77 :: 		void find_response(){
;main.c,78 :: 		Check_bit = 0;
0x01CA	0x1283      	BCF        STATUS, 5
0x01CB	0x1303      	BCF        STATUS, 6
0x01CC	0x01D0      	CLRF       _Check_bit
;main.c,79 :: 		Delay_us(40);
0x01CD	0x3042      	MOVLW      66
0x01CE	0x00FD      	MOVWF      R13
L_find_response10:
0x01CF	0x0BFD      	DECFSZ     R13, 1
0x01D0	0x29CF      	GOTO       L_find_response10
0x01D1	0x0000      	NOP
;main.c,80 :: 		if(!DHT11_Data_Pin){
0x01D2	0x1A88      	BTFSC      RD5_bit, BitPos(RD5_bit+0)
0x01D3	0x29DC      	GOTO       L_find_response11
;main.c,81 :: 		Delay_us(80);
0x01D4	0x3085      	MOVLW      133
0x01D5	0x00FD      	MOVWF      R13
L_find_response12:
0x01D6	0x0BFD      	DECFSZ     R13, 1
0x01D7	0x29D6      	GOTO       L_find_response12
;main.c,82 :: 		if(DHT11_Data_Pin) Check_bit = 1;
0x01D8	0x1E88      	BTFSS      RD5_bit, BitPos(RD5_bit+0)
0x01D9	0x29DC      	GOTO       L_find_response13
0x01DA	0x3001      	MOVLW      1
0x01DB	0x00D0      	MOVWF      _Check_bit
L_find_response13:
;main.c,83 :: 		}
L_find_response11:
;main.c,84 :: 		while(DHT11_Data_Pin); // Wait for sensor to finish response signal
L_find_response14:
0x01DC	0x1E88      	BTFSS      RD5_bit, BitPos(RD5_bit+0)
0x01DD	0x29DF      	GOTO       L_find_response15
0x01DE	0x29DC      	GOTO       L_find_response14
L_find_response15:
;main.c,85 :: 		}
L_end_find_response:
0x01DF	0x0008      	RETURN
; end of _find_response
_dht11_init:
;main.c,68 :: 		void dht11_init(){
;main.c,69 :: 		DHT11_Data_Direction = 0; // Set as Output
0x01E0	0x1683      	BSF        STATUS, 5
0x01E1	0x1303      	BCF        STATUS, 6
0x01E2	0x1288      	BCF        TRISD5_bit, BitPos(TRISD5_bit+0)
;main.c,70 :: 		DHT11_Data_Pin = 0;       // Send Start Signal (Low)
0x01E3	0x1283      	BCF        STATUS, 5
0x01E4	0x1288      	BCF        RD5_bit, BitPos(RD5_bit+0)
;main.c,71 :: 		Delay_ms(18);             // Hold low for at least 18ms
0x01E5	0x3075      	MOVLW      117
0x01E6	0x00FC      	MOVWF      R12
0x01E7	0x30E1      	MOVLW      225
0x01E8	0x00FD      	MOVWF      R13
L_dht11_init8:
0x01E9	0x0BFD      	DECFSZ     R13, 1
0x01EA	0x29E9      	GOTO       L_dht11_init8
0x01EB	0x0BFC      	DECFSZ     R12, 1
0x01EC	0x29E9      	GOTO       L_dht11_init8
;main.c,72 :: 		DHT11_Data_Pin = 1;       // Pull high
0x01ED	0x1688      	BSF        RD5_bit, BitPos(RD5_bit+0)
;main.c,73 :: 		Delay_us(30);             // Wait for response
0x01EE	0x3031      	MOVLW      49
0x01EF	0x00FD      	MOVWF      R13
L_dht11_init9:
0x01F0	0x0BFD      	DECFSZ     R13, 1
0x01F1	0x29F0      	GOTO       L_dht11_init9
0x01F2	0x0000      	NOP
0x01F3	0x0000      	NOP
;main.c,74 :: 		DHT11_Data_Direction = 1; // Set as Input to read sensor
0x01F4	0x1683      	BSF        STATUS, 5
0x01F5	0x1688      	BSF        TRISD5_bit, BitPos(TRISD5_bit+0)
;main.c,75 :: 		}
L_end_dht11_init:
0x01F6	0x0008      	RETURN
; end of _dht11_init
_Lcd_Init_I2C:
;I2C_LCD.c,50 :: 		void Lcd_Init_I2C(){
;I2C_LCD.c,51 :: 		Delay_ms(50);
0x01F7	0x3002      	MOVLW      2
0x01F8	0x1283      	BCF        STATUS, 5
0x01F9	0x1303      	BCF        STATUS, 6
0x01FA	0x00FB      	MOVWF      R11
0x01FB	0x3045      	MOVLW      69
0x01FC	0x00FC      	MOVWF      R12
0x01FD	0x30A9      	MOVLW      169
0x01FE	0x00FD      	MOVWF      R13
L_Lcd_Init_I2C6:
0x01FF	0x0BFD      	DECFSZ     R13, 1
0x0200	0x29FF      	GOTO       L_Lcd_Init_I2C6
0x0201	0x0BFC      	DECFSZ     R12, 1
0x0202	0x29FF      	GOTO       L_Lcd_Init_I2C6
0x0203	0x0BFB      	DECFSZ     R11, 1
0x0204	0x29FF      	GOTO       L_Lcd_Init_I2C6
0x0205	0x0000      	NOP
0x0206	0x0000      	NOP
;I2C_LCD.c,52 :: 		Lcd_Send_Nibble(0x30, 0);
0x0207	0x3030      	MOVLW      48
0x0208	0x1683      	BSF        STATUS, 5
0x0209	0x00A5      	MOVWF      FARG_Lcd_Send_Nibble_nibble
0x020A	0x01A6      	CLRF       FARG_Lcd_Send_Nibble_rs
0x020B	0x2127      	CALL       _Lcd_Send_Nibble
;I2C_LCD.c,53 :: 		Delay_ms(5);
0x020C	0x3021      	MOVLW      33
0x020D	0x00FC      	MOVWF      R12
0x020E	0x3076      	MOVLW      118
0x020F	0x00FD      	MOVWF      R13
L_Lcd_Init_I2C7:
0x0210	0x0BFD      	DECFSZ     R13, 1
0x0211	0x2A10      	GOTO       L_Lcd_Init_I2C7
0x0212	0x0BFC      	DECFSZ     R12, 1
0x0213	0x2A10      	GOTO       L_Lcd_Init_I2C7
0x0214	0x0000      	NOP
;I2C_LCD.c,54 :: 		Lcd_Send_Nibble(0x30, 0);
0x0215	0x3030      	MOVLW      48
0x0216	0x00A5      	MOVWF      FARG_Lcd_Send_Nibble_nibble
0x0217	0x01A6      	CLRF       FARG_Lcd_Send_Nibble_rs
0x0218	0x2127      	CALL       _Lcd_Send_Nibble
;I2C_LCD.c,55 :: 		Delay_ms(1);
0x0219	0x3007      	MOVLW      7
0x021A	0x00FC      	MOVWF      R12
0x021B	0x307D      	MOVLW      125
0x021C	0x00FD      	MOVWF      R13
L_Lcd_Init_I2C8:
0x021D	0x0BFD      	DECFSZ     R13, 1
0x021E	0x2A1D      	GOTO       L_Lcd_Init_I2C8
0x021F	0x0BFC      	DECFSZ     R12, 1
0x0220	0x2A1D      	GOTO       L_Lcd_Init_I2C8
;I2C_LCD.c,56 :: 		Lcd_Send_Nibble(0x30, 0);
0x0221	0x3030      	MOVLW      48
0x0222	0x00A5      	MOVWF      FARG_Lcd_Send_Nibble_nibble
0x0223	0x01A6      	CLRF       FARG_Lcd_Send_Nibble_rs
0x0224	0x2127      	CALL       _Lcd_Send_Nibble
;I2C_LCD.c,57 :: 		Lcd_Send_Nibble(0x20, 0);
0x0225	0x3020      	MOVLW      32
0x0226	0x00A5      	MOVWF      FARG_Lcd_Send_Nibble_nibble
0x0227	0x01A6      	CLRF       FARG_Lcd_Send_Nibble_rs
0x0228	0x2127      	CALL       _Lcd_Send_Nibble
;I2C_LCD.c,58 :: 		Lcd_Cmd(0x28); // 4-bit, 2-line, 5x8 font
0x0229	0x3028      	MOVLW      40
0x022A	0x1283      	BCF        STATUS, 5
0x022B	0x00EF      	MOVWF      FARG_Lcd_Cmd_cmd
0x022C	0x2130      	CALL       _Lcd_Cmd
;I2C_LCD.c,59 :: 		Lcd_Cmd(0x0C); // Display ON, Cursor OFF
0x022D	0x300C      	MOVLW      12
0x022E	0x1283      	BCF        STATUS, 5
0x022F	0x00EF      	MOVWF      FARG_Lcd_Cmd_cmd
0x0230	0x2130      	CALL       _Lcd_Cmd
;I2C_LCD.c,60 :: 		Lcd_Cmd(0x06); // Entry mode: Auto-increment
0x0231	0x3006      	MOVLW      6
0x0232	0x1283      	BCF        STATUS, 5
0x0233	0x00EF      	MOVWF      FARG_Lcd_Cmd_cmd
0x0234	0x2130      	CALL       _Lcd_Cmd
;I2C_LCD.c,61 :: 		Lcd_Cmd(0x01); // Clear display
0x0235	0x3001      	MOVLW      1
0x0236	0x1283      	BCF        STATUS, 5
0x0237	0x00EF      	MOVWF      FARG_Lcd_Cmd_cmd
0x0238	0x2130      	CALL       _Lcd_Cmd
;I2C_LCD.c,62 :: 		}
L_end_Lcd_Init_I2C:
0x0239	0x0008      	RETURN
; end of _Lcd_Init_I2C
_I2C1_Init:
;__Lib_I2C_c34.c,188 :: 		
;__Lib_I2C_c34.c,190 :: 		
0x023A	0x3003      	MOVLW      _I2C1_Is_Idle
0x023B	0x1283      	BCF        STATUS, 5
0x023C	0x1303      	BCF        STATUS, 6
0x023D	0x00E3      	MOVWF      _I2C_Is_Idle_Ptr
0x023E	0x3000      	MOVLW      hi_addr(_I2C1_Is_Idle)
0x023F	0x00E4      	MOVWF      _I2C_Is_Idle_Ptr+1
0x0240	0x3000      	MOVLW      0
0x0241	0x00E5      	MOVWF      _I2C_Is_Idle_Ptr+2
0x0242	0x3000      	MOVLW      0
;__Lib_I2C_c34.c,191 :: 		
0x0243	0x30A4      	MOVLW      _I2C1_Start
0x0244	0x00D7      	MOVWF      _I2C_Start_Ptr
0x0245	0x3000      	MOVLW      hi_addr(_I2C1_Start)
0x0246	0x00D8      	MOVWF      _I2C_Start_Ptr+1
0x0247	0x3000      	MOVLW      0
0x0248	0x00D9      	MOVWF      _I2C_Start_Ptr+2
0x0249	0x3000      	MOVLW      0
;__Lib_I2C_c34.c,192 :: 		
0x024A	0x30FF      	MOVLW      _I2C1_Repeated_Start
0x024B	0x00D4      	MOVWF      _I2C_Restart_Ptr
0x024C	0x30FF      	MOVLW      hi_addr(_I2C1_Repeated_Start)
0x024D	0x00D5      	MOVWF      _I2C_Restart_Ptr+1
0x024E	0x3000      	MOVLW      0
0x024F	0x00D6      	MOVWF      _I2C_Restart_Ptr+2
0x0250	0x3000      	MOVLW      0
;__Lib_I2C_c34.c,193 :: 		
0x0251	0x30FF      	MOVLW      _I2C1_Rd
0x0252	0x00DA      	MOVWF      _I2C_Read_Ptr
0x0253	0x30FF      	MOVLW      hi_addr(_I2C1_Rd)
0x0254	0x00DB      	MOVWF      _I2C_Read_Ptr+1
0x0255	0x30FF      	MOVLW      FARG_I2C1_Rd_ack
0x0256	0x00DC      	MOVWF      _I2C_Read_Ptr+2
0x0257	0x30FF      	MOVLW      hi_addr(FARG_I2C1_Rd_ack)
;__Lib_I2C_c34.c,194 :: 		
0x0258	0x301A      	MOVLW      _I2C1_Wr
0x0259	0x00E0      	MOVWF      _I2C_Write_Ptr
0x025A	0x3000      	MOVLW      hi_addr(_I2C1_Wr)
0x025B	0x00E1      	MOVWF      _I2C_Write_Ptr+1
0x025C	0x3020      	MOVLW      FARG_I2C1_Wr_data_
0x025D	0x00E2      	MOVWF      _I2C_Write_Ptr+2
0x025E	0x3000      	MOVLW      hi_addr(FARG_I2C1_Wr_data_)
;__Lib_I2C_c34.c,195 :: 		
0x025F	0x30A0      	MOVLW      _I2C1_Stop
0x0260	0x00DD      	MOVWF      _I2C_Stop_Ptr
0x0261	0x3000      	MOVLW      hi_addr(_I2C1_Stop)
0x0262	0x00DE      	MOVWF      _I2C_Stop_Ptr+1
0x0263	0x3000      	MOVLW      0
0x0264	0x00DF      	MOVWF      _I2C_Stop_Ptr+2
0x0265	0x3000      	MOVLW      0
;__Lib_I2C_c34.c,197 :: 		
0x0266	0x1683      	BSF        STATUS, 5
0x0267	0x1314      	BCF        SSPSTAT, 6
;__Lib_I2C_c34.c,198 :: 		
0x0268	0x1394      	BCF        SSPSTAT, 7
;__Lib_I2C_c34.c,199 :: 		
0x0269	0x1607      	BSF        TRISC4_bit, BitPos(TRISC4_bit+0)
;__Lib_I2C_c34.c,200 :: 		
0x026A	0x1587      	BSF        TRISC3_bit, BitPos(TRISC3_bit+0)
;__Lib_I2C_c34.c,201 :: 		
0x026B	0x3038      	MOVLW      56
0x026C	0x1283      	BCF        STATUS, 5
0x026D	0x0094      	MOVWF      SSPCON
;__Lib_I2C_c34.c,202 :: 		
L_end_I2C1_Init:
0x026E	0x0008      	RETURN
; end of _I2C1_Init
_Div_8X8_U:
;__Lib_Math.c,189 :: 		
;__Lib_Math.c,196 :: 		
0x026F	0x1283      	BCF        STATUS, 5
;__Lib_Math.c,197 :: 		
0x0270	0x1303      	BCF        STATUS, 6
;__Lib_Math.c,198 :: 		
0x0271	0x01F8      	CLRF       R8
;__Lib_Math.c,199 :: 		
0x0272	0x3008      	MOVLW      8
;__Lib_Math.c,200 :: 		
0x0273	0x00FC      	MOVWF      R12
;__Lib_Math.c,201 :: 		
0x0274	0x0D70      	RLF        R0, 0
;__Lib_Math.c,202 :: 		
0x0275	0x0DF8      	RLF        R8, 1
;__Lib_Math.c,203 :: 		
0x0276	0x0874      	MOVF       R4, 0
;__Lib_Math.c,204 :: 		
0x0277	0x02F8      	SUBWF      R8, 1
;__Lib_Math.c,205 :: 		
0x0278	0x1803      	BTFSC      STATUS, 0
;__Lib_Math.c,206 :: 		
0x0279	0x2A7C      	GOTO       $+3
;__Lib_Math.c,207 :: 		
0x027A	0x07F8      	ADDWF      R8, 1
;__Lib_Math.c,208 :: 		
0x027B	0x1003      	BCF        STATUS, 0
;__Lib_Math.c,209 :: 		
0x027C	0x0DF0      	RLF        R0, 1
;__Lib_Math.c,210 :: 		
0x027D	0x0BFC      	DECFSZ     R12, 1
;__Lib_Math.c,211 :: 		
0x027E	0x2A74      	GOTO       $-10
;__Lib_Math.c,213 :: 		
L_end_Div_8X8_U:
0x027F	0x0008      	RETURN
; end of _Div_8X8_U
___CC2DW:
;__Lib_System.c,134 :: 		
;__Lib_System.c,137 :: 		
_CC2D_Loop1:
;__Lib_System.c,139 :: 		
0x0280	0x2153      	CALL       _____DoICP
0x0281	0x118A      	BCF        PCLATH, 3
0x0282	0x120A      	BCF        PCLATH, 4
;__Lib_System.c,141 :: 		
0x0283	0x0080      	MOVWF      INDF
;__Lib_System.c,142 :: 		
0x0284	0x0A84      	INCF       FSR, 1
;__Lib_System.c,143 :: 		
0x0285	0x0AE9      	INCF       ___DoICPAddr, 1
;__Lib_System.c,145 :: 		
0x0286	0x1903      	BTFSC      STATUS, 2
;__Lib_System.c,146 :: 		
0x0287	0x0AEA      	INCF       ___DoICPAddr+1, 1
;__Lib_System.c,147 :: 		
0x0288	0x03F0      	DECF       R0, 1
;__Lib_System.c,149 :: 		
0x0289	0x1D03      	BTFSS      STATUS, 2
;__Lib_System.c,150 :: 		
0x028A	0x2A80      	GOTO       _CC2D_Loop1
;__Lib_System.c,152 :: 		
L_end___CC2DW:
0x028B	0x0008      	RETURN
; end of ___CC2DW
_main:
0x028C	0x239E      	CALL       926
;main.c,16 :: 		void main() {
;main.c,17 :: 		ADCON1 = 0x07;      // Configure all pins as digital (crucial for PIC16F877A)
0x028D	0x3007      	MOVLW      7
0x028E	0x1683      	BSF        STATUS, 5
0x028F	0x1303      	BCF        STATUS, 6
0x0290	0x009F      	MOVWF      ADCON1
;main.c,18 :: 		I2C1_Init(100000);  // Initialize I2C at 100kHz
0x0291	0x3032      	MOVLW      50
0x0292	0x0093      	MOVWF      SSPADD
0x0293	0x223A      	CALL       _I2C1_Init
;main.c,19 :: 		Delay_ms(100);
0x0294	0x3003      	MOVLW      3
0x0295	0x00FB      	MOVWF      R11
0x0296	0x308A      	MOVLW      138
0x0297	0x00FC      	MOVWF      R12
0x0298	0x3055      	MOVLW      85
0x0299	0x00FD      	MOVWF      R13
L_main0:
0x029A	0x0BFD      	DECFSZ     R13, 1
0x029B	0x2A9A      	GOTO       L_main0
0x029C	0x0BFC      	DECFSZ     R12, 1
0x029D	0x2A9A      	GOTO       L_main0
0x029E	0x0BFB      	DECFSZ     R11, 1
0x029F	0x2A9A      	GOTO       L_main0
0x02A0	0x0000      	NOP
0x02A1	0x0000      	NOP
;main.c,21 :: 		Lcd_Init_I2C();     // Initialize our custom I2C LCD library
0x02A2	0x21F7      	CALL       _Lcd_Init_I2C
;main.c,23 :: 		while(1){
L_main1:
;main.c,24 :: 		dht11_init();
0x02A3	0x21E0      	CALL       _dht11_init
;main.c,25 :: 		find_response();
0x02A4	0x21CA      	CALL       _find_response
;main.c,27 :: 		if(Check_bit == 1){
0x02A5	0x0850      	MOVF       _Check_bit, 0
0x02A6	0x3A01      	XORLW      1
0x02A7	0x1D03      	BTFSS      STATUS, 2
0x02A8	0x2B51      	GOTO       L_main3
;main.c,28 :: 		RH_byte_1 = read_dht11();
0x02A9	0x21A9      	CALL       _read_dht11
0x02AA	0x0870      	MOVF       R0, 0
0x02AB	0x00D1      	MOVWF      _RH_byte_1
;main.c,29 :: 		RH_byte_2 = read_dht11();
0x02AC	0x21A9      	CALL       _read_dht11
0x02AD	0x0870      	MOVF       R0, 0
0x02AE	0x00D3      	MOVWF      _RH_byte_2
;main.c,30 :: 		Temp_byte_1 = read_dht11();
0x02AF	0x21A9      	CALL       _read_dht11
0x02B0	0x0870      	MOVF       R0, 0
0x02B1	0x00D2      	MOVWF      _Temp_byte_1
;main.c,31 :: 		Temp_byte_2 = read_dht11();
0x02B2	0x21A9      	CALL       _read_dht11
0x02B3	0x0870      	MOVF       R0, 0
0x02B4	0x00CD      	MOVWF      _Temp_byte_2
;main.c,32 :: 		Sumation   = read_dht11();
0x02B5	0x21A9      	CALL       _read_dht11
0x02B6	0x0870      	MOVF       R0, 0
0x02B7	0x00CC      	MOVWF      _Sumation
;main.c,35 :: 		if(Sumation == ((RH_byte_1 + RH_byte_2 + Temp_byte_1 + Temp_byte_2) & 0xFF)){
0x02B8	0x0853      	MOVF       _RH_byte_2, 0
0x02B9	0x0751      	ADDWF      _RH_byte_1, 0
0x02BA	0x00F1      	MOVWF      R1
0x02BB	0x01F2      	CLRF       R1+1
0x02BC	0x1803      	BTFSC      STATUS, 0
0x02BD	0x0AF2      	INCF       R1+1, 1
0x02BE	0x0852      	MOVF       _Temp_byte_1, 0
0x02BF	0x07F1      	ADDWF      R1, 1
0x02C0	0x1803      	BTFSC      STATUS, 0
0x02C1	0x0AF2      	INCF       R1+1, 1
0x02C2	0x084D      	MOVF       _Temp_byte_2, 0
0x02C3	0x07F1      	ADDWF      R1, 1
0x02C4	0x1803      	BTFSC      STATUS, 0
0x02C5	0x0AF2      	INCF       R1+1, 1
0x02C6	0x30FF      	MOVLW      255
0x02C7	0x0571      	ANDWF      R1, 0
0x02C8	0x00F3      	MOVWF      R3
0x02C9	0x0872      	MOVF       R1+1, 0
0x02CA	0x00F4      	MOVWF      R3+1
0x02CB	0x3000      	MOVLW      0
0x02CC	0x05F4      	ANDWF      R3+1, 1
0x02CD	0x3000      	MOVLW      0
0x02CE	0x0674      	XORWF      R3+1, 0
0x02CF	0x1D03      	BTFSS      STATUS, 2
0x02D0	0x2AD3      	GOTO       L__main27
0x02D1	0x0873      	MOVF       R3, 0
0x02D2	0x0670      	XORWF      R0, 0
L__main27:
0x02D3	0x1D03      	BTFSS      STATUS, 2
0x02D4	0x2B44      	GOTO       L_main4
;main.c,36 :: 		Temperature = Temp_byte_1;
0x02D5	0x0852      	MOVF       _Temp_byte_1, 0
0x02D6	0x00CE      	MOVWF      _Temperature
;main.c,37 :: 		RH = RH_byte_1;
0x02D7	0x0851      	MOVF       _RH_byte_1, 0
0x02D8	0x00CF      	MOVWF      _RH
;main.c,39 :: 		Lcd_Cmd(0x01); // Clear screen
0x02D9	0x3001      	MOVLW      1
0x02DA	0x00EF      	MOVWF      FARG_Lcd_Cmd_cmd
0x02DB	0x2130      	CALL       _Lcd_Cmd
;main.c,41 :: 		Lcd_Out(1,1,"Temp:");
0x02DC	0x3001      	MOVLW      1
0x02DD	0x1283      	BCF        STATUS, 5
0x02DE	0x00EB      	MOVWF      FARG_Lcd_Out_row
0x02DF	0x3001      	MOVLW      1
0x02E0	0x00EC      	MOVWF      FARG_Lcd_Out_col
0x02E1	0x3021      	MOVLW      ?lstr1_main
0x02E2	0x00ED      	MOVWF      FARG_Lcd_Out_text
0x02E3	0x218F      	CALL       _Lcd_Out
;main.c,42 :: 		Lcd_Chr(1,7,(Temperature/10)+'0');
0x02E4	0x3001      	MOVLW      1
0x02E5	0x1683      	BSF        STATUS, 5
0x02E6	0x00A0      	MOVWF      FARG_Lcd_Chr_row
0x02E7	0x3007      	MOVLW      7
0x02E8	0x00A1      	MOVWF      FARG_Lcd_Chr_col
0x02E9	0x300A      	MOVLW      10
0x02EA	0x00F4      	MOVWF      R4
0x02EB	0x1283      	BCF        STATUS, 5
0x02EC	0x084E      	MOVF       _Temperature, 0
0x02ED	0x00F0      	MOVWF      R0
0x02EE	0x226F      	CALL       _Div_8X8_U
0x02EF	0x3030      	MOVLW      48
0x02F0	0x0770      	ADDWF      R0, 0
0x02F1	0x1683      	BSF        STATUS, 5
0x02F2	0x00A2      	MOVWF      FARG_Lcd_Chr_out_char
0x02F3	0x215A      	CALL       _Lcd_Chr
;main.c,43 :: 		Lcd_Chr(1,8,(Temperature%10)+'0');
0x02F4	0x3001      	MOVLW      1
0x02F5	0x00A0      	MOVWF      FARG_Lcd_Chr_row
0x02F6	0x3008      	MOVLW      8
0x02F7	0x00A1      	MOVWF      FARG_Lcd_Chr_col
0x02F8	0x300A      	MOVLW      10
0x02F9	0x00F4      	MOVWF      R4
0x02FA	0x1283      	BCF        STATUS, 5
0x02FB	0x084E      	MOVF       _Temperature, 0
0x02FC	0x00F0      	MOVWF      R0
0x02FD	0x226F      	CALL       _Div_8X8_U
0x02FE	0x0878      	MOVF       R8, 0
0x02FF	0x00F0      	MOVWF      R0
0x0300	0x3030      	MOVLW      48
0x0301	0x0770      	ADDWF      R0, 0
0x0302	0x1683      	BSF        STATUS, 5
0x0303	0x00A2      	MOVWF      FARG_Lcd_Chr_out_char
0x0304	0x215A      	CALL       _Lcd_Chr
;main.c,44 :: 		Lcd_Chr(1,9,223); // Degree symbol
0x0305	0x3001      	MOVLW      1
0x0306	0x00A0      	MOVWF      FARG_Lcd_Chr_row
0x0307	0x3009      	MOVLW      9
0x0308	0x00A1      	MOVWF      FARG_Lcd_Chr_col
0x0309	0x30DF      	MOVLW      223
0x030A	0x00A2      	MOVWF      FARG_Lcd_Chr_out_char
0x030B	0x215A      	CALL       _Lcd_Chr
;main.c,45 :: 		Lcd_Chr(1,10,'C');
0x030C	0x3001      	MOVLW      1
0x030D	0x00A0      	MOVWF      FARG_Lcd_Chr_row
0x030E	0x300A      	MOVLW      10
0x030F	0x00A1      	MOVWF      FARG_Lcd_Chr_col
0x0310	0x3043      	MOVLW      67
0x0311	0x00A2      	MOVWF      FARG_Lcd_Chr_out_char
0x0312	0x215A      	CALL       _Lcd_Chr
;main.c,47 :: 		Lcd_Out(2,1,"Hum:");
0x0313	0x3002      	MOVLW      2
0x0314	0x1283      	BCF        STATUS, 5
0x0315	0x00EB      	MOVWF      FARG_Lcd_Out_row
0x0316	0x3001      	MOVLW      1
0x0317	0x00EC      	MOVWF      FARG_Lcd_Out_col
0x0318	0x3027      	MOVLW      ?lstr2_main
0x0319	0x00ED      	MOVWF      FARG_Lcd_Out_text
0x031A	0x218F      	CALL       _Lcd_Out
;main.c,48 :: 		Lcd_Chr(2,6,(RH/10)+'0');
0x031B	0x3002      	MOVLW      2
0x031C	0x1683      	BSF        STATUS, 5
0x031D	0x00A0      	MOVWF      FARG_Lcd_Chr_row
0x031E	0x3006      	MOVLW      6
0x031F	0x00A1      	MOVWF      FARG_Lcd_Chr_col
0x0320	0x300A      	MOVLW      10
0x0321	0x00F4      	MOVWF      R4
0x0322	0x1283      	BCF        STATUS, 5
0x0323	0x084F      	MOVF       _RH, 0
0x0324	0x00F0      	MOVWF      R0
0x0325	0x226F      	CALL       _Div_8X8_U
0x0326	0x3030      	MOVLW      48
0x0327	0x0770      	ADDWF      R0, 0
0x0328	0x1683      	BSF        STATUS, 5
0x0329	0x00A2      	MOVWF      FARG_Lcd_Chr_out_char
0x032A	0x215A      	CALL       _Lcd_Chr
;main.c,49 :: 		Lcd_Chr(2,7,(RH%10)+'0');
0x032B	0x3002      	MOVLW      2
0x032C	0x00A0      	MOVWF      FARG_Lcd_Chr_row
0x032D	0x3007      	MOVLW      7
0x032E	0x00A1      	MOVWF      FARG_Lcd_Chr_col
0x032F	0x300A      	MOVLW      10
0x0330	0x00F4      	MOVWF      R4
0x0331	0x1283      	BCF        STATUS, 5
0x0332	0x084F      	MOVF       _RH, 0
0x0333	0x00F0      	MOVWF      R0
0x0334	0x226F      	CALL       _Div_8X8_U
0x0335	0x0878      	MOVF       R8, 0
0x0336	0x00F0      	MOVWF      R0
0x0337	0x3030      	MOVLW      48
0x0338	0x0770      	ADDWF      R0, 0
0x0339	0x1683      	BSF        STATUS, 5
0x033A	0x00A2      	MOVWF      FARG_Lcd_Chr_out_char
0x033B	0x215A      	CALL       _Lcd_Chr
;main.c,50 :: 		Lcd_Chr(2,8,'%');
0x033C	0x3002      	MOVLW      2
0x033D	0x00A0      	MOVWF      FARG_Lcd_Chr_row
0x033E	0x3008      	MOVLW      8
0x033F	0x00A1      	MOVWF      FARG_Lcd_Chr_col
0x0340	0x3025      	MOVLW      37
0x0341	0x00A2      	MOVWF      FARG_Lcd_Chr_out_char
0x0342	0x215A      	CALL       _Lcd_Chr
;main.c,51 :: 		}
0x0343	0x2B50      	GOTO       L_main5
L_main4:
;main.c,53 :: 		Lcd_Cmd(0x01);
0x0344	0x3001      	MOVLW      1
0x0345	0x1283      	BCF        STATUS, 5
0x0346	0x00EF      	MOVWF      FARG_Lcd_Cmd_cmd
0x0347	0x2130      	CALL       _Lcd_Cmd
;main.c,54 :: 		Lcd_Out(1,1,"Checksum Error");
0x0348	0x3001      	MOVLW      1
0x0349	0x1283      	BCF        STATUS, 5
0x034A	0x00EB      	MOVWF      FARG_Lcd_Out_row
0x034B	0x3001      	MOVLW      1
0x034C	0x00EC      	MOVWF      FARG_Lcd_Out_col
0x034D	0x3038      	MOVLW      ?lstr3_main
0x034E	0x00ED      	MOVWF      FARG_Lcd_Out_text
0x034F	0x218F      	CALL       _Lcd_Out
;main.c,55 :: 		}
L_main5:
;main.c,56 :: 		}
0x0350	0x2B5D      	GOTO       L_main6
L_main3:
0x0351	0x1283      	BCF        STATUS, 5
;main.c,58 :: 		Lcd_Cmd(0x01);
0x0352	0x3001      	MOVLW      1
0x0353	0x00EF      	MOVWF      FARG_Lcd_Cmd_cmd
0x0354	0x2130      	CALL       _Lcd_Cmd
;main.c,59 :: 		Lcd_Out(1,1,"No Response");
0x0355	0x3001      	MOVLW      1
0x0356	0x1283      	BCF        STATUS, 5
0x0357	0x00EB      	MOVWF      FARG_Lcd_Out_row
0x0358	0x3001      	MOVLW      1
0x0359	0x00EC      	MOVWF      FARG_Lcd_Out_col
0x035A	0x302C      	MOVLW      ?lstr4_main
0x035B	0x00ED      	MOVWF      FARG_Lcd_Out_text
0x035C	0x218F      	CALL       _Lcd_Out
;main.c,60 :: 		}
L_main6:
;main.c,63 :: 		Delay_ms(2000);
0x035D	0x3033      	MOVLW      51
0x035E	0x00FB      	MOVWF      R11
0x035F	0x30BB      	MOVLW      187
0x0360	0x00FC      	MOVWF      R12
0x0361	0x30DF      	MOVLW      223
0x0362	0x00FD      	MOVWF      R13
L_main7:
0x0363	0x0BFD      	DECFSZ     R13, 1
0x0364	0x2B63      	GOTO       L_main7
0x0365	0x0BFC      	DECFSZ     R12, 1
0x0366	0x2B63      	GOTO       L_main7
0x0367	0x0BFB      	DECFSZ     R11, 1
0x0368	0x2B63      	GOTO       L_main7
0x0369	0x0000      	NOP
0x036A	0x0000      	NOP
;main.c,64 :: 		}
0x036B	0x2AA3      	GOTO       L_main1
;main.c,65 :: 		}
L_end_main:
0x036C	0x2B6C      	GOTO       $+0
; end of _main
0x039E	0x3021      	MOVLW      33
0x039F	0x0084      	MOVWF      FSR
0x03A0	0x302B      	MOVLW      43
0x03A1	0x1283      	BCF        STATUS, 5
0x03A2	0x1303      	BCF        STATUS, 6
0x03A3	0x00F0      	MOVWF      R0
0x03A4	0x3072      	MOVLW      114
0x03A5	0x00E9      	MOVWF      ___DoICPAddr
0x03A6	0x3003      	MOVLW      3
0x03A7	0x00EA      	MOVWF      106
0x03A8	0x2280      	CALL       640
0x03A9	0x0008      	RETURN
;main.c,0 :: ?ICS?lstr1_main
0x0372	0x3454 ;?ICS?lstr1_main+0
0x0373	0x3465 ;?ICS?lstr1_main+1
0x0374	0x346D ;?ICS?lstr1_main+2
0x0375	0x3470 ;?ICS?lstr1_main+3
0x0376	0x343A ;?ICS?lstr1_main+4
0x0377	0x3400 ;?ICS?lstr1_main+5
; end of ?ICS?lstr1_main
;main.c,0 :: ?ICS?lstr2_main
0x0378	0x3448 ;?ICS?lstr2_main+0
0x0379	0x3475 ;?ICS?lstr2_main+1
0x037A	0x346D ;?ICS?lstr2_main+2
0x037B	0x343A ;?ICS?lstr2_main+3
0x037C	0x3400 ;?ICS?lstr2_main+4
; end of ?ICS?lstr2_main
;main.c,0 :: ?ICS?lstr4_main
0x037D	0x344E ;?ICS?lstr4_main+0
0x037E	0x346F ;?ICS?lstr4_main+1
0x037F	0x3420 ;?ICS?lstr4_main+2
0x0380	0x3452 ;?ICS?lstr4_main+3
0x0381	0x3465 ;?ICS?lstr4_main+4
0x0382	0x3473 ;?ICS?lstr4_main+5
0x0383	0x3470 ;?ICS?lstr4_main+6
0x0384	0x346F ;?ICS?lstr4_main+7
0x0385	0x346E ;?ICS?lstr4_main+8
0x0386	0x3473 ;?ICS?lstr4_main+9
0x0387	0x3465 ;?ICS?lstr4_main+10
0x0388	0x3400 ;?ICS?lstr4_main+11
; end of ?ICS?lstr4_main
;main.c,0 :: ?ICS?lstr3_main
0x0389	0x3443 ;?ICS?lstr3_main+0
0x038A	0x3468 ;?ICS?lstr3_main+1
0x038B	0x3465 ;?ICS?lstr3_main+2
0x038C	0x3463 ;?ICS?lstr3_main+3
0x038D	0x346B ;?ICS?lstr3_main+4
0x038E	0x3473 ;?ICS?lstr3_main+5
0x038F	0x3475 ;?ICS?lstr3_main+6
0x0390	0x346D ;?ICS?lstr3_main+7
0x0391	0x3420 ;?ICS?lstr3_main+8
0x0392	0x3445 ;?ICS?lstr3_main+9
0x0393	0x3472 ;?ICS?lstr3_main+10
0x0394	0x3472 ;?ICS?lstr3_main+11
0x0395	0x346F ;?ICS?lstr3_main+12
0x0396	0x3472 ;?ICS?lstr3_main+13
0x0397	0x3400 ;?ICS?lstr3_main+14
; end of ?ICS?lstr3_main
;__Lib_I2C_c34.c,0 :: ?ICS__Lib_I2C_c34__I2C1_TIMEOUT
0x0398	0x3400 ;?ICS__Lib_I2C_c34__I2C1_TIMEOUT+0
0x0399	0x3400 ;?ICS__Lib_I2C_c34__I2C1_TIMEOUT+1
0x039A	0x3400 ;?ICS__Lib_I2C_c34__I2C1_TIMEOUT+2
0x039B	0x3400 ;?ICS__Lib_I2C_c34__I2C1_TIMEOUT+3
; end of ?ICS__Lib_I2C_c34__I2C1_TIMEOUT
;I2C_LCD.c,0 :: ?ICS_lcd_backlight
0x039C	0x3408 ;?ICS_lcd_backlight+0
; end of ?ICS_lcd_backlight
Symbol List:
//** Routines locations **
//ADDRESS    SIZE    PROCEDURE
//----------------------------------------------
0x0003      [16]    _I2C1_Is_Idle
0x0013       [7]    _____DoIFC
0x001A     [134]    _I2C1_Wr
0x00A0       [4]    _I2C1_Stop
0x00A4      [95]    _I2C1_Start
0x0103      [16]    _I2C_LCD_Write
0x0113      [20]    _Lcd_Pulse
0x0127       [9]    _Lcd_Send_Nibble
0x0130      [35]    _Lcd_Cmd
0x0153       [7]    _____DoICP
0x015A      [53]    _Lcd_Chr
0x018F      [26]    _Lcd_Out
0x01A9      [33]    _read_dht11
0x01CA      [22]    _find_response
0x01E0      [23]    _dht11_init
0x01F7      [67]    _Lcd_Init_I2C
0x023A      [53]    _I2C1_Init
0x026F      [17]    _Div_8X8_U
0x0280      [12]    ___CC2DW
0x028C     [224]    _main
//** Variables locations ** 
//ADDRESS    SIZE    VARIABLE
//----------------------------------------------
0x0000       [1]    INDF
0x0002       [1]    PCL
0x0003       [1]    STATUS
0x0004       [1]    FSR
0x0008       [0]    RD5_bit
0x000A       [1]    PCLATH
0x000C       [1]    PIR1
0x0013       [1]    SSPBUF
0x0014       [1]    SSPCON
0x0020       [1]    FARG_I2C1_Wr_data_
0x0021       [6]    ?lstr1_main
0x0027       [5]    ?lstr2_main
0x002C      [12]    ?lstr4_main
0x0038      [15]    ?lstr3_main
0x0047       [4]    __Lib_I2C_c34__I2C1_TIMEOUT
0x004B       [1]    _lcd_backlight
0x004C       [1]    _Sumation
0x004D       [1]    _Temp_byte_2
0x004E       [1]    _Temperature
0x004F       [1]    _RH
0x0050       [1]    _Check_bit
0x0051       [1]    _RH_byte_1
0x0052       [1]    _Temp_byte_1
0x0053       [1]    _RH_byte_2
0x0054       [3]    _I2C_Restart_Ptr
0x0057       [3]    _I2C_Start_Ptr
0x005A       [3]    _I2C_Read_Ptr
0x005D       [3]    _I2C_Stop_Ptr
0x0060       [3]    _I2C_Write_Ptr
0x0063       [3]    _I2C_Is_Idle_Ptr
0x0066       [3]    _I2C1_Timeout_Ptr
0x0069       [2]    ___DoICPAddr
0x006B       [4]    FARG_I2C1_Init_clock
0x006B       [1]    FARG_Lcd_Out_row
0x006B       [1]    read_dht11_d_L0
0x006C       [1]    FARG_Lcd_Out_col
0x006D       [1]    FARG_Lcd_Out_text
0x006F       [1]    FARG_Lcd_Cmd_cmd
0x0070       [1]    R0
0x0071       [1]    R1
0x0072       [1]    R2
0x0073       [1]    R3
0x0074       [1]    R4
0x0075       [1]    R5
0x0076       [1]    R6
0x0077       [1]    R7
0x0078       [1]    R8
0x0079       [1]    R9
0x007A       [1]    R10
0x007B       [1]    R11
0x007C       [1]    R12
0x007D       [1]    R13
0x007E       [1]    R14
0x007F       [1]    R15
0x0087       [0]    TRISC3_bit
0x0087       [0]    TRISC4_bit
0x0088       [0]    TRISD5_bit
0x0091       [1]    SSPCON2
0x0093       [1]    SSPADD
0x0094       [1]    SSPSTAT
0x009F       [1]    ADCON1
0x00A0       [1]    FARG_Lcd_Chr_row
0x00A1       [1]    FARG_Lcd_Chr_col
0x00A2       [1]    FARG_Lcd_Chr_out_char
0x00A3       [2]    ?FLOC___Lcd_ChrT12
0x00A5       [1]    FARG_Lcd_Send_Nibble_nibble
0x00A6       [1]    FARG_Lcd_Send_Nibble_rs
0x00A7       [1]    FARG_Lcd_Pulse_d
0x00A8       [1]    FARG_I2C_LCD_Write_d
0x00A9       [4]    I2C1_Wr_timeout_L0
0x00A9       [2]    I2C1_Start_j_L0
0x00AB       [4]    I2C1_Start_timeout_L0
//** Constants locations ** 
//ADDRESS    SIZE    CONSTANT
//----------------------------------------------
0x0372       [6]    ?ICS?lstr1_main
0x0378       [5]    ?ICS?lstr2_main
0x037D      [12]    ?ICS?lstr4_main
0x0389      [15]    ?ICS?lstr3_main
0x0398       [4]    ?ICS__Lib_I2C_c34__I2C1_TIMEOUT
0x039C       [1]    ?ICS_lcd_backlight
